-------------------------------------------------------------------------------
Test set: com.health.fitness.HealthIndexScoreTest$RobustnessInvalidInputs
-------------------------------------------------------------------------------
Tests run: 6, Failures: 2, Errors: 0, Skipped: 0, Time elapsed: 0.130 s <<< FAILURE! -- in com.health.fitness.HealthIndexScoreTest$RobustnessInvalidInputs
com.health.fitness.HealthIndexScoreTest$RobustnessInvalidInputs.tc006_hrrAboveRealisticMax -- Time elapsed: 0.036 s <<< FAILURE!
org.opentest4j.AssertionFailedError: Expected java.lang.IllegalArgumentException to be thrown, but nothing was thrown.
	at org.junit.jupiter.api.AssertionFailureBuilder.build(AssertionFailureBuilder.java:152)
	at org.junit.jupiter.api.AssertThrows.assertThrows(AssertThrows.java:73)
	at org.junit.jupiter.api.AssertThrows.assertThrows(AssertThrows.java:35)
	at org.junit.jupiter.api.Assertions.assertThrows(Assertions.java:3115)
	at com.health.fitness.HealthIndexScoreTest$RobustnessInvalidInputs.tc006_hrrAboveRealisticMax(HealthIndexScoreTest.java:128)
	at java.base/java.lang.reflect.Method.invoke(Method.java:566)
	at java.base/java.util.ArrayList.forEach(ArrayList.java:1541)
	at java.base/java.util.ArrayList.forEach(ArrayList.java:1541)
	at java.base/java.util.ArrayList.forEach(ArrayList.java:1541)

com.health.fitness.HealthIndexScoreTest$RobustnessInvalidInputs.tc002_vo2MaxAboveRealisticMax -- Time elapsed: 0.018 s <<< FAILURE!
org.opentest4j.AssertionFailedError: Expected java.lang.IllegalArgumentException to be thrown, but nothing was thrown.
	at org.junit.jupiter.api.AssertionFailureBuilder.build(AssertionFailureBuilder.java:152)
	at org.junit.jupiter.api.AssertThrows.assertThrows(AssertThrows.java:73)
	at org.junit.jupiter.api.AssertThrows.assertThrows(AssertThrows.java:35)
	at org.junit.jupiter.api.Assertions.assertThrows(Assertions.java:3115)
	at com.health.fitness.HealthIndexScoreTest$RobustnessInvalidInputs.tc002_vo2MaxAboveRealisticMax(HealthIndexScoreTest.java:96)
	at java.base/java.lang.reflect.Method.invoke(Method.java:566)
	at java.base/java.util.ArrayList.forEach(ArrayList.java:1541)
	at java.base/java.util.ArrayList.forEach(ArrayList.java:1541)
	at java.base/java.util.ArrayList.forEach(ArrayList.java:1541)

