<?xml version="1.0" encoding="UTF-8"?>
<testsuite xmlns:xsi="http://www.w3.org/2001/XMLSchema-instance" xsi:noNamespaceSchemaLocation="https://maven.apache.org/surefire/maven-surefire-plugin/xsd/surefire-test-report-3.0.xsd" version="3.0" name="com.health.fitness.HealthIndexScoreTest$NormalBoundaryValueTesting" time="0.139" tests="18" errors="0" skipped="0" failures="0">
  <properties>
[...]
</properties>
  <testcase name="normalCases(String, double, int, int, int, String)[1]" classname="com.health.fitness.HealthIndexScoreTest$NormalBoundaryValueTesting" time="0.011"/>
  <testcase name="normalCases(String, double, int, int, int, String)[2]" classname="com.health.fitness.HealthIndexScoreTest$NormalBoundaryValueTesting" time="0.004"/>
  <testcase name="normalCases(String, double, int, int, int, String)[3]" classname="com.health.fitness.HealthIndexScoreTest$NormalBoundaryValueTesting" time="0.003"/>
  <testcase name="normalCases(String, double, int, int, int, String)[4]" classname="com.health.fitness.HealthIndexScoreTest$NormalBoundaryValueTesting" time="0.001"/>
  <testcase name="normalCases(String, double, int, int, int, String)[5]" classname="com.health.fitness.HealthIndexScoreTest$NormalBoundaryValueTesting" time="0.003"/>
  <testcase name="normalCases(String, double, int, int, int, String)[6]" classname="com.health.fitness.HealthIndexScoreTest$NormalBoundaryValueTesting" time="0.005"/>
  <testcase name="normalCases(String, double, int, int, int, String)[7]" classname="com.health.fitness.HealthIndexScoreTest$NormalBoundaryValueTesting" time="0.003"/>
  <testcase name="normalCases(String, double, int, int, int, String)[8]" classname="com.health.fitness.HealthIndexScoreTest$NormalBoundaryValueTesting" time="0.007"/>
  <testcase name="normalCases(String, double, int, int, int, String)[9]" classname="com.health.fitness.HealthIndexScoreTest$NormalBoundaryValueTesting" time="0.005"/>
  <testcase name="normalCases(String, double, int, int, int, String)[10]" classname="com.health.fitness.HealthIndexScoreTest$NormalBoundaryValueTesting" time="0.006"/>
  <testcase name="normalCases(String, double, int, int, int, String)[11]" classname="com.health.fitness.HealthIndexScoreTest$NormalBoundaryValueTesting" time="0.003"/>
  <testcase name="normalCases(String, double, int, int, int, String)[12]" classname="com.health.fitness.HealthIndexScoreTest$NormalBoundaryValueTesting" time="0.001"/>
  <testcase name="normalCases(String, double, int, int, int, String)[13]" classname="com.health.fitness.HealthIndexScoreTest$NormalBoundaryValueTesting" time="0.005"/>
  <testcase name="normalCases(String, double, int, int, int, String)[14]" classname="com.health.fitness.HealthIndexScoreTest$NormalBoundaryValueTesting" time="0.003"/>
  <testcase name="normalCases(String, double, int, int, int, String)[15]" classname="com.health.fitness.HealthIndexScoreTest$NormalBoundaryValueTesting" time="0.006"/>
  <testcase name="normalCases(String, double, int, int, int, String)[16]" classname="com.health.fitness.HealthIndexScoreTest$NormalBoundaryValueTesting" time="0.002"/>
  <testcase name="normalCases(String, double, int, int, int, String)[17]" classname="com.health.fitness.HealthIndexScoreTest$NormalBoundaryValueTesting" time="0.003"/>
  <testcase name="normalCases(String, double, int, int, int, String)[18]" classname="com.health.fitness.HealthIndexScoreTest$NormalBoundaryValueTesting" time="0.003"/>
</testsuite>